<html xmlns:math="http://exslt.org/math" xmlns:testng="http://testng.org">
   <head>
      <title>TestNG Results</title>
      <meta http-equiv="content-type" content="text/html; charset=utf-8"></meta>
      <meta http-equiv="pragma" content="no-cache"></meta>
      <meta http-equiv="cache-control" content="max-age=0"></meta>
      <meta http-equiv="cache-control" content="no-cache"></meta>
      <meta http-equiv="cache-control" content="no-store"></meta>
      <LINK rel="stylesheet" href="style.css"></LINK>
      <script type="text/javascript" src="main.js"></script>
   </head>
   <body>
      <table width="100%" style="font-size: 16px; margin-bottom: 10px;" cellspacing="1">
         <tr>
            <td width="100%">
               Test case
               
               <b>Test</b>
            </td>
            <td style="background-color: #FFBBBB; padding: 3px 3px 3px 0;" align="center">
               <div style="width: 50px;">3</div>
            </td>
            <td style="background-color: lightgreen; padding: 3px 3px 3px 0;" align="center">
               <div style="width: 50px;">1</div>
            </td>
            <td style="background-color: #FFFFBB; padding: 3px 3px 3px 0;" align="center">
               <div style="width: 50px;">0</div>
            </td>
            <td align="center" style="background-color: #eaf0f7; padding: 3px 3px 3px 0;">
               <div style="width: 50px;">4</div>
            </td>
            <td align="center"
                style="font-weight: bold; background-color: #eaf0f7; padding: 3px 3px 3px 0;">
               <div style="width: 50px;">25%</div>
            </td>
            <td style="background-color: #eaf0f7; padding: 3px 3px 3px 0;" align="center"
                nowrap="true">1m
               40s
               
            </td>
         </tr>
      </table>
      <div style="width: 200px;">
         <label for="groupMethodsCheckBox" style="font-weight: bold; margin: 0;">
            <input id="groupMethodsCheckBox" type="checkbox" onclick="switchTestMethodsView(this)"></input>
            Group by class
            
         </label>
         <br></br>
         <label for="methodsFilter_ALL" style="font-weight: bold; margin: 0;">
            <input id="methodsFilter_ALL" type="checkbox"
                   onclick="testMethodsFilterChanged(this, 'ALL')"></input>
            All
            
         </label>
      </div>
      <label for="methodsFilter_FAIL" style="margin-left: 20px;">
         <input id="methodsFilter_FAIL" type="checkbox"
                onclick="testMethodsFilterChanged(this, 'FAIL')"
                checked=""></input>
         Failed
         
      </label>
      <label for="methodsFilter_PASS">
         <input id="methodsFilter_PASS" type="checkbox"
                onclick="testMethodsFilterChanged(this, 'PASS')"
                checked=""></input>
         Passed
         
      </label>
      <label for="methodsFilter_SKIP">
         <input id="methodsFilter_SKIP" type="checkbox"
                onclick="testMethodsFilterChanged(this, 'SKIP')"
                checked=""></input>
         Skipped
         
      </label>
      <label for="methodsFilter_CONF">
         <input id="methodsFilter_CONF" type="checkbox"
                onclick="testMethodsFilterChanged(this, 'CONF')"></input>
         Config
         
      </label>
      <br></br>
      <div id="testMethodsByStatus">
         <table class="testMethodsTable" cellpadding="0" cellspacing="0">
            <tr class="methodsTableHeader">
               <td width="100%">Name</td>
               <td nowrap="true">Started</td>
               <td nowrap="true">Duration</td>
               <td>Exception</td>
            </tr>
            <tr id="tests.LoginTest_loginwithWrongEmailAndPasswordTest_byStatus_failed_FAIL1_row"
                class="testMethodStatusFAIL">
               <td width="100%" class="firstMethodCell">
                  <a onclick="toggleDetailsVisibility('tests.LoginTest_loginwithWrongEmailAndPasswordTest_byStatus_failed_FAIL1_details')">loginwithWrongEmailAndPasswordTest()</a>
               </td>
               <td nowrap="true">21:16:05</td>
               <td nowrap="true" align="right">24s
                  
               </td>
               <td nowrap="true">
                  <a onclick="toggleDetailsVisibility('tests.LoginTest_loginwithWrongEmailAndPasswordTest_byStatus_failed_FAIL1_exception')">org.openqa.selenium.NoSuchElementException: 
                     Unable to locate element: #globalError
                     For documentation on this error, please visit: https://www.seleniumhq.org/exceptions/no_such_element.html
                     Build info: version: '3.141.59', revision: 'e82be7d358', time: '2018-11-14T08:25:53'
                     System info: host: 'DESKTOP-BKUHS3U', ip: '192.168.0.14', os.name: 'Windows 10', os.arch: 'amd64', os.version: '10.0', java.version:
                     '14.0.2'
                     Driver info: org.openqa.selenium.firefox.FirefoxDriver
                     Capabilities {acceptInsecureCerts: true, browserName: firefox, browserVersion: 95.0.2, javascriptEnabled: true, moz:accessibilityChecks:
                     false, moz:buildID: 20211218203254, moz:geckodriverVersion: 0.30.0, moz:headless: false, moz:processID: 21236, moz:profile:
                     C:\Users\Mayra\AppData\Loca..., moz:shutdownTimeout: 60000, moz:useNonSpecCompliantPointerOrigin: false, moz:webdriverClick:
                     true, pageLoadStrategy: normal, platform: WINDOWS, platformName: WINDOWS, platformVersion: 10.0, proxy: Proxy(), setWindowRect:
                     true, strictFileInteractability: false, timeouts: {implicit: 0, pageLoad: 300000, script: 30000}, unhandledPromptBehavior:
                     dismiss and notify}
                     Session ID: 08d8a13a-d3fd-4e96-9c49-6f7188a65a6f
                     *** Element info: {Using=id, value=globalError}
                     
                  </a>
                   
                  
               </td>
            </tr>
            <tr>
               <td colspan="4" class="detailsBox">
                  <div id="tests.LoginTest_loginwithWrongEmailAndPasswordTest_byStatus_failed_FAIL1_details"
                       class="testMethodDetails">
                     <div>
                        <b>Name: </b>loginwithWrongEmailAndPasswordTest
                     </div>
                     <div>
                        <b>Signature: </b>loginwithWrongEmailAndPasswordTest()[pri:1, instance:tests.LoginTest@1e6454ec]
                     </div>
                     <div>
                        <b>Start time: </b>21:16:05
                     </div>
                     <div>
                        <b>End time: </b>21:16:30
                     </div>
                     <div>
                        <b>Duration: </b>24s
                        
                     </div>
                  </div>
               </td>
            </tr>
            <tr>
               <td colspan="4" class="detailsBox">
                  <div id="tests.LoginTest_loginwithWrongEmailAndPasswordTest_byStatus_failed_FAIL1_exception"
                       class="testMethodDetails">
                     <pre style="padding: 5px; margin: 0;">org.openqa.selenium.NoSuchElementException: Unable to locate element: #globalError
                        For documentation on this error, please visit: https://www.seleniumhq.org/exceptions/no_such_element.html
                        Build info: version: '3.141.59', revision: 'e82be7d358', time: '2018-11-14T08:25:53'
                        System info: host: 'DESKTOP-BKUHS3U', ip: '192.168.0.14', os.name: 'Windows 10', os.arch: 'amd64', os.version: '10.0', java.version:
                        '14.0.2'
                        Driver info: org.openqa.selenium.firefox.FirefoxDriver
                        Capabilities {acceptInsecureCerts: true, browserName: firefox, browserVersion: 95.0.2, javascriptEnabled: true, moz:accessibilityChecks:
                        false, moz:buildID: 20211218203254, moz:geckodriverVersion: 0.30.0, moz:headless: false, moz:processID: 21236, moz:profile:
                        C:\Users\Mayra\AppData\Loca..., moz:shutdownTimeout: 60000, moz:useNonSpecCompliantPointerOrigin: false, moz:webdriverClick:
                        true, pageLoadStrategy: normal, platform: WINDOWS, platformName: WINDOWS, platformVersion: 10.0, proxy: Proxy(), setWindowRect:
                        true, strictFileInteractability: false, timeouts: {implicit: 0, pageLoad: 300000, script: 30000}, unhandledPromptBehavior:
                        dismiss and notify}
                        Session ID: 08d8a13a-d3fd-4e96-9c49-6f7188a65a6f
                        *** Element info: {Using=id, value=globalError}
                        at java.base/jdk.internal.reflect.NativeConstructorAccessorImpl.newInstance0(Native Method)
                        at java.base/jdk.internal.reflect.NativeConstructorAccessorImpl.newInstance(NativeConstructorAccessorImpl.java:62)
                        at java.base/jdk.internal.reflect.DelegatingConstructorAccessorImpl.newInstance(DelegatingConstructorAccessorImpl.java:45)
                        at java.base/java.lang.reflect.Constructor.newInstanceWithCaller(Constructor.java:500)
                        at java.base/java.lang.reflect.Constructor.newInstance(Constructor.java:481)
                        at org.openqa.selenium.remote.http.W3CHttpResponseCodec.createException(W3CHttpResponseCodec.java:187)
                        at org.openqa.selenium.remote.http.W3CHttpResponseCodec.decode(W3CHttpResponseCodec.java:122)
                        at org.openqa.selenium.remote.http.W3CHttpResponseCodec.decode(W3CHttpResponseCodec.java:49)
                        at org.openqa.selenium.remote.HttpCommandExecutor.execute(HttpCommandExecutor.java:158)
                        at org.openqa.selenium.remote.service.DriverCommandExecutor.execute(DriverCommandExecutor.java:83)
                        at org.openqa.selenium.remote.RemoteWebDriver.execute(RemoteWebDriver.java:552)
                        at org.openqa.selenium.remote.RemoteWebDriver.findElement(RemoteWebDriver.java:323)
                        at org.openqa.selenium.remote.RemoteWebDriver.findElementById(RemoteWebDriver.java:372)
                        at org.openqa.selenium.By$ById.findElement(By.java:188)
                        at org.openqa.selenium.remote.RemoteWebDriver.findElement(RemoteWebDriver.java:315)
                        at org.openqa.selenium.support.pagefactory.DefaultElementLocator.findElement(DefaultElementLocator.java:69)
                        at org.openqa.selenium.support.pagefactory.internal.LocatingElementHandler.invoke(LocatingElementHandler.java:38)
                        at com.sun.proxy.$Proxy10.getText(Unknown Source)
                        at pages.LoginPage.readGlobalErr(LoginPage.java:80)
                        at tests.LoginTest.loginwithWrongEmailAndPasswordTest(LoginTest.java:40)
                        at java.base/jdk.internal.reflect.NativeMethodAccessorImpl.invoke0(Native Method)
                        at java.base/jdk.internal.reflect.NativeMethodAccessorImpl.invoke(NativeMethodAccessorImpl.java:62)
                        at java.base/jdk.internal.reflect.DelegatingMethodAccessorImpl.invoke(DelegatingMethodAccessorImpl.java:43)
                        at java.base/java.lang.reflect.Method.invoke(Method.java:564)
                        at org.testng.internal.MethodInvocationHelper.invokeMethod(MethodInvocationHelper.java:124)
                        at org.testng.internal.Invoker.invokeMethod(Invoker.java:580)
                        at org.testng.internal.Invoker.invokeTestMethod(Invoker.java:716)
                        at org.testng.internal.Invoker.invokeTestMethods(Invoker.java:988)
                        at org.testng.internal.TestMethodWorker.invokeTestMethods(TestMethodWorker.java:125)
                        at org.testng.internal.TestMethodWorker.run(TestMethodWorker.java:109)
                        at org.testng.TestRunner.privateRun(TestRunner.java:648)
                        at org.testng.TestRunner.run(TestRunner.java:505)
                        at org.testng.SuiteRunner.runTest(SuiteRunner.java:455)
                        at org.testng.SuiteRunner.runSequentially(SuiteRunner.java:450)
                        at org.testng.SuiteRunner.privateRun(SuiteRunner.java:415)
                        at org.testng.SuiteRunner.run(SuiteRunner.java:364)
                        at org.testng.SuiteRunnerWorker.runSuite(SuiteRunnerWorker.java:52)
                        at org.testng.SuiteRunnerWorker.run(SuiteRunnerWorker.java:84)
                        at org.testng.TestNG.runSuitesSequentially(TestNG.java:1208)
                        at org.testng.TestNG.runSuitesLocally(TestNG.java:1137)
                        at org.testng.TestNG.runSuites(TestNG.java:1049)
                        at org.testng.TestNG.run(TestNG.java:1017)
                        at org.testng.TestNG.privateMain(TestNG.java:1354)
                        at org.testng.TestNG.main(TestNG.java:1323)
                     </pre>
                  </div>
               </td>
            </tr>
            <tr id="tests.LoginTest_loginWithEmptyPasswordTest_byStatus_failed_FAIL2_row"
                class="testMethodStatusFAIL">
               <td width="100%" class="firstMethodCell">
                  <a onclick="toggleDetailsVisibility('tests.LoginTest_loginWithEmptyPasswordTest_byStatus_failed_FAIL2_details')">loginWithEmptyPasswordTest()</a>
               </td>
               <td nowrap="true">21:17:04</td>
               <td nowrap="true" align="right">4s
                  
               </td>
               <td nowrap="true">
                  <a onclick="toggleDetailsVisibility('tests.LoginTest_loginWithEmptyPasswordTest_byStatus_failed_FAIL2_exception')">java.lang.AssertionError: 
                     expected [Please enter your password.] but found [Please enter your username or card number.]
                     
                  </a>
                   
                  
               </td>
            </tr>
            <tr>
               <td colspan="4" class="detailsBox">
                  <div id="tests.LoginTest_loginWithEmptyPasswordTest_byStatus_failed_FAIL2_details"
                       class="testMethodDetails">
                     <div>
                        <b>Name: </b>loginWithEmptyPasswordTest
                     </div>
                     <div>
                        <b>Signature: </b>loginWithEmptyPasswordTest()[pri:3, instance:tests.LoginTest@1e6454ec]
                     </div>
                     <div>
                        <b>Start time: </b>21:17:04
                     </div>
                     <div>
                        <b>End time: </b>21:17:09
                     </div>
                     <div>
                        <b>Duration: </b>4s
                        
                     </div>
                  </div>
               </td>
            </tr>
            <tr>
               <td colspan="4" class="detailsBox">
                  <div id="tests.LoginTest_loginWithEmptyPasswordTest_byStatus_failed_FAIL2_exception"
                       class="testMethodDetails">
                     <pre style="padding: 5px; margin: 0;">java.lang.AssertionError: expected [Please enter your password.] but found [Please enter your username or card number.]
                        at org.testng.Assert.fail(Assert.java:96)
                        at org.testng.Assert.failNotEquals(Assert.java:776)
                        at org.testng.Assert.assertEqualsImpl(Assert.java:137)
                        at org.testng.Assert.assertEquals(Assert.java:118)
                        at org.testng.Assert.assertEquals(Assert.java:453)
                        at org.testng.Assert.assertEquals(Assert.java:463)
                        at tests.LoginTest.loginWithEmptyPasswordTest(LoginTest.java:60)
                        at java.base/jdk.internal.reflect.NativeMethodAccessorImpl.invoke0(Native Method)
                        at java.base/jdk.internal.reflect.NativeMethodAccessorImpl.invoke(NativeMethodAccessorImpl.java:62)
                        at java.base/jdk.internal.reflect.DelegatingMethodAccessorImpl.invoke(DelegatingMethodAccessorImpl.java:43)
                        at java.base/java.lang.reflect.Method.invoke(Method.java:564)
                        at org.testng.internal.MethodInvocationHelper.invokeMethod(MethodInvocationHelper.java:124)
                        at org.testng.internal.Invoker.invokeMethod(Invoker.java:580)
                        at org.testng.internal.Invoker.invokeTestMethod(Invoker.java:716)
                        at org.testng.internal.Invoker.invokeTestMethods(Invoker.java:988)
                        at org.testng.internal.TestMethodWorker.invokeTestMethods(TestMethodWorker.java:125)
                        at org.testng.internal.TestMethodWorker.run(TestMethodWorker.java:109)
                        at org.testng.TestRunner.privateRun(TestRunner.java:648)
                        at org.testng.TestRunner.run(TestRunner.java:505)
                        at org.testng.SuiteRunner.runTest(SuiteRunner.java:455)
                        at org.testng.SuiteRunner.runSequentially(SuiteRunner.java:450)
                        at org.testng.SuiteRunner.privateRun(SuiteRunner.java:415)
                        at org.testng.SuiteRunner.run(SuiteRunner.java:364)
                        at org.testng.SuiteRunnerWorker.runSuite(SuiteRunnerWorker.java:52)
                        at org.testng.SuiteRunnerWorker.run(SuiteRunnerWorker.java:84)
                        at org.testng.TestNG.runSuitesSequentially(TestNG.java:1208)
                        at org.testng.TestNG.runSuitesLocally(TestNG.java:1137)
                        at org.testng.TestNG.runSuites(TestNG.java:1049)
                        at org.testng.TestNG.run(TestNG.java:1017)
                        at org.testng.TestNG.privateMain(TestNG.java:1354)
                        at org.testng.TestNG.main(TestNG.java:1323)
                     </pre>
                  </div>
               </td>
            </tr>
            <tr id="tests.LoginTest_loginEmailWithSpecialCharTest_byStatus_failed_FAIL3_row"
                class="testMethodStatusFAIL">
               <td width="100%" class="firstMethodCell">
                  <a onclick="toggleDetailsVisibility('tests.LoginTest_loginEmailWithSpecialCharTest_byStatus_failed_FAIL3_details')">loginEmailWithSpecialCharTest()</a>
               </td>
               <td nowrap="true">21:17:23</td>
               <td nowrap="true" align="right">5s
                  
               </td>
               <td nowrap="true">
                  <a onclick="toggleDetailsVisibility('tests.LoginTest_loginEmailWithSpecialCharTest_byStatus_failed_FAIL3_exception')">java.lang.AssertionError: 
                     expected [Please enter a username or card number without special characters.] but found [Please enter your username or card
                     number.]
                     
                  </a>
                   
                  
               </td>
            </tr>
            <tr>
               <td colspan="4" class="detailsBox">
                  <div id="tests.LoginTest_loginEmailWithSpecialCharTest_byStatus_failed_FAIL3_details"
                       class="testMethodDetails">
                     <div>
                        <b>Name: </b>loginEmailWithSpecialCharTest
                     </div>
                     <div>
                        <b>Signature: </b>loginEmailWithSpecialCharTest()[pri:4, instance:tests.LoginTest@1e6454ec]
                     </div>
                     <div>
                        <b>Start time: </b>21:17:23
                     </div>
                     <div>
                        <b>End time: </b>21:17:28
                     </div>
                     <div>
                        <b>Duration: </b>5s
                        
                     </div>
                  </div>
               </td>
            </tr>
            <tr>
               <td colspan="4" class="detailsBox">
                  <div id="tests.LoginTest_loginEmailWithSpecialCharTest_byStatus_failed_FAIL3_exception"
                       class="testMethodDetails">
                     <pre style="padding: 5px; margin: 0;">java.lang.AssertionError: expected [Please enter a username or card number without special characters.] but found [Please
                        enter your username or card number.]
                        at org.testng.Assert.fail(Assert.java:96)
                        at org.testng.Assert.failNotEquals(Assert.java:776)
                        at org.testng.Assert.assertEqualsImpl(Assert.java:137)
                        at org.testng.Assert.assertEquals(Assert.java:118)
                        at org.testng.Assert.assertEquals(Assert.java:453)
                        at org.testng.Assert.assertEquals(Assert.java:463)
                        at tests.LoginTest.loginEmailWithSpecialCharTest(LoginTest.java:73)
                        at java.base/jdk.internal.reflect.NativeMethodAccessorImpl.invoke0(Native Method)
                        at java.base/jdk.internal.reflect.NativeMethodAccessorImpl.invoke(NativeMethodAccessorImpl.java:62)
                        at java.base/jdk.internal.reflect.DelegatingMethodAccessorImpl.invoke(DelegatingMethodAccessorImpl.java:43)
                        at java.base/java.lang.reflect.Method.invoke(Method.java:564)
                        at org.testng.internal.MethodInvocationHelper.invokeMethod(MethodInvocationHelper.java:124)
                        at org.testng.internal.Invoker.invokeMethod(Invoker.java:580)
                        at org.testng.internal.Invoker.invokeTestMethod(Invoker.java:716)
                        at org.testng.internal.Invoker.invokeTestMethods(Invoker.java:988)
                        at org.testng.internal.TestMethodWorker.invokeTestMethods(TestMethodWorker.java:125)
                        at org.testng.internal.TestMethodWorker.run(TestMethodWorker.java:109)
                        at org.testng.TestRunner.privateRun(TestRunner.java:648)
                        at org.testng.TestRunner.run(TestRunner.java:505)
                        at org.testng.SuiteRunner.runTest(SuiteRunner.java:455)
                        at org.testng.SuiteRunner.runSequentially(SuiteRunner.java:450)
                        at org.testng.SuiteRunner.privateRun(SuiteRunner.java:415)
                        at org.testng.SuiteRunner.run(SuiteRunner.java:364)
                        at org.testng.SuiteRunnerWorker.runSuite(SuiteRunnerWorker.java:52)
                        at org.testng.SuiteRunnerWorker.run(SuiteRunnerWorker.java:84)
                        at org.testng.TestNG.runSuitesSequentially(TestNG.java:1208)
                        at org.testng.TestNG.runSuitesLocally(TestNG.java:1137)
                        at org.testng.TestNG.runSuites(TestNG.java:1049)
                        at org.testng.TestNG.run(TestNG.java:1017)
                        at org.testng.TestNG.privateMain(TestNG.java:1354)
                        at org.testng.TestNG.main(TestNG.java:1323)
                     </pre>
                  </div>
               </td>
            </tr>
            <tr id="tests.LoginTest_beforeMethod_byStatus_passed_PASS1_row"
                class="testMethodStatusPASS testMethodStatusCONF">
               <td width="100%" class="firstMethodCell">
                  <a onclick="toggleDetailsVisibility('tests.LoginTest_beforeMethod_byStatus_passed_PASS1_details')">beforeMethod()</a>
               </td>
               <td nowrap="true">21:15:51</td>
               <td nowrap="true" align="right">14s
                  
               </td>
               <td nowrap="true">
                   
                  
               </td>
            </tr>
            <tr>
               <td colspan="4" class="detailsBox">
                  <div id="tests.LoginTest_beforeMethod_byStatus_passed_PASS1_details"
                       class="testMethodDetails">
                     <div>
                        <b>Name: </b>beforeMethod
                     </div>
                     <div>
                        <b>Signature: </b>beforeMethod()[pri:0, instance:tests.LoginTest@1e6454ec]
                     </div>
                     <div>
                        <b>Start time: </b>21:15:51
                     </div>
                     <div>
                        <b>End time: </b>21:16:05
                     </div>
                     <div>
                        <b>Duration: </b>14s
                        
                     </div>
                  </div>
               </td>
            </tr>
            <tr></tr>
            <tr id="tests.LoginTest_afterMethod_byStatus_passed_PASS2_row"
                class="testMethodStatusPASS testMethodStatusCONF">
               <td width="100%" class="firstMethodCell">
                  <a onclick="toggleDetailsVisibility('tests.LoginTest_afterMethod_byStatus_passed_PASS2_details')">afterMethod()</a>
               </td>
               <td nowrap="true">21:16:30</td>
               <td nowrap="true" align="right">2s
                  
               </td>
               <td nowrap="true">
                   
                  
               </td>
            </tr>
            <tr>
               <td colspan="4" class="detailsBox">
                  <div id="tests.LoginTest_afterMethod_byStatus_passed_PASS2_details"
                       class="testMethodDetails">
                     <div>
                        <b>Name: </b>afterMethod
                     </div>
                     <div>
                        <b>Signature: </b>afterMethod()[pri:0, instance:tests.LoginTest@1e6454ec]
                     </div>
                     <div>
                        <b>Start time: </b>21:16:30
                     </div>
                     <div>
                        <b>End time: </b>21:16:33
                     </div>
                     <div>
                        <b>Duration: </b>2s
                        
                     </div>
                  </div>
               </td>
            </tr>
            <tr></tr>
            <tr id="tests.LoginTest_beforeMethod_byStatus_passed_PASS3_row"
                class="testMethodStatusPASS testMethodStatusCONF">
               <td width="100%" class="firstMethodCell">
                  <a onclick="toggleDetailsVisibility('tests.LoginTest_beforeMethod_byStatus_passed_PASS3_details')">beforeMethod()</a>
               </td>
               <td nowrap="true">21:16:33</td>
               <td nowrap="true" align="right">11s
                  
               </td>
               <td nowrap="true">
                   
                  
               </td>
            </tr>
            <tr>
               <td colspan="4" class="detailsBox">
                  <div id="tests.LoginTest_beforeMethod_byStatus_passed_PASS3_details"
                       class="testMethodDetails">
                     <div>
                        <b>Name: </b>beforeMethod
                     </div>
                     <div>
                        <b>Signature: </b>beforeMethod()[pri:0, instance:tests.LoginTest@1e6454ec]
                     </div>
                     <div>
                        <b>Start time: </b>21:16:33
                     </div>
                     <div>
                        <b>End time: </b>21:16:45
                     </div>
                     <div>
                        <b>Duration: </b>11s
                        
                     </div>
                  </div>
               </td>
            </tr>
            <tr></tr>
            <tr id="tests.LoginTest_loginWithEmptyEmailTest_byStatus_passed_PASS4_row"
                class="testMethodStatusPASS">
               <td width="100%" class="firstMethodCell">
                  <a onclick="toggleDetailsVisibility('tests.LoginTest_loginWithEmptyEmailTest_byStatus_passed_PASS4_details')">loginWithEmptyEmailTest()</a>
               </td>
               <td nowrap="true">21:16:45</td>
               <td nowrap="true" align="right">5s
                  
               </td>
               <td nowrap="true">
                   
                  
               </td>
            </tr>
            <tr>
               <td colspan="4" class="detailsBox">
                  <div id="tests.LoginTest_loginWithEmptyEmailTest_byStatus_passed_PASS4_details"
                       class="testMethodDetails">
                     <div>
                        <b>Name: </b>loginWithEmptyEmailTest
                     </div>
                     <div>
                        <b>Signature: </b>loginWithEmptyEmailTest()[pri:2, instance:tests.LoginTest@1e6454ec]
                     </div>
                     <div>
                        <b>Start time: </b>21:16:45
                     </div>
                     <div>
                        <b>End time: </b>21:16:50
                     </div>
                     <div>
                        <b>Duration: </b>5s
                        
                     </div>
                  </div>
               </td>
            </tr>
            <tr></tr>
            <tr id="tests.LoginTest_afterMethod_byStatus_passed_PASS5_row"
                class="testMethodStatusPASS testMethodStatusCONF">
               <td width="100%" class="firstMethodCell">
                  <a onclick="toggleDetailsVisibility('tests.LoginTest_afterMethod_byStatus_passed_PASS5_details')">afterMethod()</a>
               </td>
               <td nowrap="true">21:16:50</td>
               <td nowrap="true" align="right">2s
                  
               </td>
               <td nowrap="true">
                   
                  
               </td>
            </tr>
            <tr>
               <td colspan="4" class="detailsBox">
                  <div id="tests.LoginTest_afterMethod_byStatus_passed_PASS5_details"
                       class="testMethodDetails">
                     <div>
                        <b>Name: </b>afterMethod
                     </div>
                     <div>
                        <b>Signature: </b>afterMethod()[pri:0, instance:tests.LoginTest@1e6454ec]
                     </div>
                     <div>
                        <b>Start time: </b>21:16:50
                     </div>
                     <div>
                        <b>End time: </b>21:16:52
                     </div>
                     <div>
                        <b>Duration: </b>2s
                        
                     </div>
                  </div>
               </td>
            </tr>
            <tr></tr>
            <tr id="tests.LoginTest_beforeMethod_byStatus_passed_PASS6_row"
                class="testMethodStatusPASS testMethodStatusCONF">
               <td width="100%" class="firstMethodCell">
                  <a onclick="toggleDetailsVisibility('tests.LoginTest_beforeMethod_byStatus_passed_PASS6_details')">beforeMethod()</a>
               </td>
               <td nowrap="true">21:16:52</td>
               <td nowrap="true" align="right">12s
                  
               </td>
               <td nowrap="true">
                   
                  
               </td>
            </tr>
            <tr>
               <td colspan="4" class="detailsBox">
                  <div id="tests.LoginTest_beforeMethod_byStatus_passed_PASS6_details"
                       class="testMethodDetails">
                     <div>
                        <b>Name: </b>beforeMethod
                     </div>
                     <div>
                        <b>Signature: </b>beforeMethod()[pri:0, instance:tests.LoginTest@1e6454ec]
                     </div>
                     <div>
                        <b>Start time: </b>21:16:52
                     </div>
                     <div>
                        <b>End time: </b>21:17:04
                     </div>
                     <div>
                        <b>Duration: </b>12s
                        
                     </div>
                  </div>
               </td>
            </tr>
            <tr></tr>
            <tr id="tests.LoginTest_afterMethod_byStatus_passed_PASS7_row"
                class="testMethodStatusPASS testMethodStatusCONF">
               <td width="100%" class="firstMethodCell">
                  <a onclick="toggleDetailsVisibility('tests.LoginTest_afterMethod_byStatus_passed_PASS7_details')">afterMethod()</a>
               </td>
               <td nowrap="true">21:17:09</td>
               <td nowrap="true" align="right">2s
                  
               </td>
               <td nowrap="true">
                   
                  
               </td>
            </tr>
            <tr>
               <td colspan="4" class="detailsBox">
                  <div id="tests.LoginTest_afterMethod_byStatus_passed_PASS7_details"
                       class="testMethodDetails">
                     <div>
                        <b>Name: </b>afterMethod
                     </div>
                     <div>
                        <b>Signature: </b>afterMethod()[pri:0, instance:tests.LoginTest@1e6454ec]
                     </div>
                     <div>
                        <b>Start time: </b>21:17:09
                     </div>
                     <div>
                        <b>End time: </b>21:17:11
                     </div>
                     <div>
                        <b>Duration: </b>2s
                        
                     </div>
                  </div>
               </td>
            </tr>
            <tr></tr>
            <tr id="tests.LoginTest_beforeMethod_byStatus_passed_PASS8_row"
                class="testMethodStatusPASS testMethodStatusCONF">
               <td width="100%" class="firstMethodCell">
                  <a onclick="toggleDetailsVisibility('tests.LoginTest_beforeMethod_byStatus_passed_PASS8_details')">beforeMethod()</a>
               </td>
               <td nowrap="true">21:17:11</td>
               <td nowrap="true" align="right">11s
                  
               </td>
               <td nowrap="true">
                   
                  
               </td>
            </tr>
            <tr>
               <td colspan="4" class="detailsBox">
                  <div id="tests.LoginTest_beforeMethod_byStatus_passed_PASS8_details"
                       class="testMethodDetails">
                     <div>
                        <b>Name: </b>beforeMethod
                     </div>
                     <div>
                        <b>Signature: </b>beforeMethod()[pri:0, instance:tests.LoginTest@1e6454ec]
                     </div>
                     <div>
                        <b>Start time: </b>21:17:11
                     </div>
                     <div>
                        <b>End time: </b>21:17:23
                     </div>
                     <div>
                        <b>Duration: </b>11s
                        
                     </div>
                  </div>
               </td>
            </tr>
            <tr></tr>
            <tr id="tests.LoginTest_afterMethod_byStatus_passed_PASS9_row"
                class="testMethodStatusPASS testMethodStatusCONF">
               <td width="100%" class="firstMethodCell">
                  <a onclick="toggleDetailsVisibility('tests.LoginTest_afterMethod_byStatus_passed_PASS9_details')">afterMethod()</a>
               </td>
               <td nowrap="true">21:17:28</td>
               <td nowrap="true" align="right">2s
                  
               </td>
               <td nowrap="true">
                   
                  
               </td>
            </tr>
            <tr>
               <td colspan="4" class="detailsBox">
                  <div id="tests.LoginTest_afterMethod_byStatus_passed_PASS9_details"
                       class="testMethodDetails">
                     <div>
                        <b>Name: </b>afterMethod
                     </div>
                     <div>
                        <b>Signature: </b>afterMethod()[pri:0, instance:tests.LoginTest@1e6454ec]
                     </div>
                     <div>
                        <b>Start time: </b>21:17:28
                     </div>
                     <div>
                        <b>End time: </b>21:17:31
                     </div>
                     <div>
                        <b>Duration: </b>2s
                        
                     </div>
                  </div>
               </td>
            </tr>
            <tr></tr>
         </table>
      </div>
      <div id="testMethodsByClass" style="display: none;">
         <table class="testMethodsTable" cellpadding="0" cellspacing="0">
            <tr>
               <td colspan="4">
                  <h3 style="display: inline;">tests.LoginTest</h3>
               </td>
            </tr>
            <tr class="methodsTableHeader">
               <td width="100%">Name</td>
               <td nowrap="true">Started</td>
               <td nowrap="true">Duration</td>
               <td>Exception</td>
            </tr>
            <tr id="tests.LoginTest_beforeMethod_byClass_PASS1_row"
                class="testMethodStatusPASS testMethodStatusCONF">
               <td width="100%" class="firstMethodCell">
                  <a onclick="toggleDetailsVisibility('tests.LoginTest_beforeMethod_byClass_PASS1_details')">beforeMethod()</a>
               </td>
               <td nowrap="true">21:15:51</td>
               <td nowrap="true" align="right">14s
                  
               </td>
               <td nowrap="true">
                   
                  
               </td>
            </tr>
            <tr>
               <td colspan="4" class="detailsBox">
                  <div id="tests.LoginTest_beforeMethod_byClass_PASS1_details"
                       class="testMethodDetails">
                     <div>
                        <b>Name: </b>beforeMethod
                     </div>
                     <div>
                        <b>Signature: </b>beforeMethod()[pri:0, instance:tests.LoginTest@1e6454ec]
                     </div>
                     <div>
                        <b>Start time: </b>21:15:51
                     </div>
                     <div>
                        <b>End time: </b>21:16:05
                     </div>
                     <div>
                        <b>Duration: </b>14s
                        
                     </div>
                  </div>
               </td>
            </tr>
            <tr></tr>
            <tr id="tests.LoginTest_loginwithWrongEmailAndPasswordTest_byClass_FAIL2_row"
                class="testMethodStatusFAIL">
               <td width="100%" class="firstMethodCell">
                  <a onclick="toggleDetailsVisibility('tests.LoginTest_loginwithWrongEmailAndPasswordTest_byClass_FAIL2_details')">loginwithWrongEmailAndPasswordTest()</a>
               </td>
               <td nowrap="true">21:16:05</td>
               <td nowrap="true" align="right">24s
                  
               </td>
               <td nowrap="true">
                  <a onclick="toggleDetailsVisibility('tests.LoginTest_loginwithWrongEmailAndPasswordTest_byClass_FAIL2_exception')">org.openqa.selenium.NoSuchElementException: 
                     Unable to locate element: #globalError
                     For documentation on this error, please visit: https://www.seleniumhq.org/exceptions/no_such_element.html
                     Build info: version: '3.141.59', revision: 'e82be7d358', time: '2018-11-14T08:25:53'
                     System info: host: 'DESKTOP-BKUHS3U', ip: '192.168.0.14', os.name: 'Windows 10', os.arch: 'amd64', os.version: '10.0', java.version:
                     '14.0.2'
                     Driver info: org.openqa.selenium.firefox.FirefoxDriver
                     Capabilities {acceptInsecureCerts: true, browserName: firefox, browserVersion: 95.0.2, javascriptEnabled: true, moz:accessibilityChecks:
                     false, moz:buildID: 20211218203254, moz:geckodriverVersion: 0.30.0, moz:headless: false, moz:processID: 21236, moz:profile:
                     C:\Users\Mayra\AppData\Loca..., moz:shutdownTimeout: 60000, moz:useNonSpecCompliantPointerOrigin: false, moz:webdriverClick:
                     true, pageLoadStrategy: normal, platform: WINDOWS, platformName: WINDOWS, platformVersion: 10.0, proxy: Proxy(), setWindowRect:
                     true, strictFileInteractability: false, timeouts: {implicit: 0, pageLoad: 300000, script: 30000}, unhandledPromptBehavior:
                     dismiss and notify}
                     Session ID: 08d8a13a-d3fd-4e96-9c49-6f7188a65a6f
                     *** Element info: {Using=id, value=globalError}
                     
                  </a>
                   
                  
               </td>
            </tr>
            <tr>
               <td colspan="4" class="detailsBox">
                  <div id="tests.LoginTest_loginwithWrongEmailAndPasswordTest_byClass_FAIL2_details"
                       class="testMethodDetails">
                     <div>
                        <b>Name: </b>loginwithWrongEmailAndPasswordTest
                     </div>
                     <div>
                        <b>Signature: </b>loginwithWrongEmailAndPasswordTest()[pri:1, instance:tests.LoginTest@1e6454ec]
                     </div>
                     <div>
                        <b>Start time: </b>21:16:05
                     </div>
                     <div>
                        <b>End time: </b>21:16:30
                     </div>
                     <div>
                        <b>Duration: </b>24s
                        
                     </div>
                  </div>
               </td>
            </tr>
            <tr>
               <td colspan="4" class="detailsBox">
                  <div id="tests.LoginTest_loginwithWrongEmailAndPasswordTest_byClass_FAIL2_exception"
                       class="testMethodDetails">
                     <pre style="padding: 5px; margin: 0;">org.openqa.selenium.NoSuchElementException: Unable to locate element: #globalError
                        For documentation on this error, please visit: https://www.seleniumhq.org/exceptions/no_such_element.html
                        Build info: version: '3.141.59', revision: 'e82be7d358', time: '2018-11-14T08:25:53'
                        System info: host: 'DESKTOP-BKUHS3U', ip: '192.168.0.14', os.name: 'Windows 10', os.arch: 'amd64', os.version: '10.0', java.version:
                        '14.0.2'
                        Driver info: org.openqa.selenium.firefox.FirefoxDriver
                        Capabilities {acceptInsecureCerts: true, browserName: firefox, browserVersion: 95.0.2, javascriptEnabled: true, moz:accessibilityChecks:
                        false, moz:buildID: 20211218203254, moz:geckodriverVersion: 0.30.0, moz:headless: false, moz:processID: 21236, moz:profile:
                        C:\Users\Mayra\AppData\Loca..., moz:shutdownTimeout: 60000, moz:useNonSpecCompliantPointerOrigin: false, moz:webdriverClick:
                        true, pageLoadStrategy: normal, platform: WINDOWS, platformName: WINDOWS, platformVersion: 10.0, proxy: Proxy(), setWindowRect:
                        true, strictFileInteractability: false, timeouts: {implicit: 0, pageLoad: 300000, script: 30000}, unhandledPromptBehavior:
                        dismiss and notify}
                        Session ID: 08d8a13a-d3fd-4e96-9c49-6f7188a65a6f
                        *** Element info: {Using=id, value=globalError}
                        at java.base/jdk.internal.reflect.NativeConstructorAccessorImpl.newInstance0(Native Method)
                        at java.base/jdk.internal.reflect.NativeConstructorAccessorImpl.newInstance(NativeConstructorAccessorImpl.java:62)
                        at java.base/jdk.internal.reflect.DelegatingConstructorAccessorImpl.newInstance(DelegatingConstructorAccessorImpl.java:45)
                        at java.base/java.lang.reflect.Constructor.newInstanceWithCaller(Constructor.java:500)
                        at java.base/java.lang.reflect.Constructor.newInstance(Constructor.java:481)
                        at org.openqa.selenium.remote.http.W3CHttpResponseCodec.createException(W3CHttpResponseCodec.java:187)
                        at org.openqa.selenium.remote.http.W3CHttpResponseCodec.decode(W3CHttpResponseCodec.java:122)
                        at org.openqa.selenium.remote.http.W3CHttpResponseCodec.decode(W3CHttpResponseCodec.java:49)
                        at org.openqa.selenium.remote.HttpCommandExecutor.execute(HttpCommandExecutor.java:158)
                        at org.openqa.selenium.remote.service.DriverCommandExecutor.execute(DriverCommandExecutor.java:83)
                        at org.openqa.selenium.remote.RemoteWebDriver.execute(RemoteWebDriver.java:552)
                        at org.openqa.selenium.remote.RemoteWebDriver.findElement(RemoteWebDriver.java:323)
                        at org.openqa.selenium.remote.RemoteWebDriver.findElementById(RemoteWebDriver.java:372)
                        at org.openqa.selenium.By$ById.findElement(By.java:188)
                        at org.openqa.selenium.remote.RemoteWebDriver.findElement(RemoteWebDriver.java:315)
                        at org.openqa.selenium.support.pagefactory.DefaultElementLocator.findElement(DefaultElementLocator.java:69)
                        at org.openqa.selenium.support.pagefactory.internal.LocatingElementHandler.invoke(LocatingElementHandler.java:38)
                        at com.sun.proxy.$Proxy10.getText(Unknown Source)
                        at pages.LoginPage.readGlobalErr(LoginPage.java:80)
                        at tests.LoginTest.loginwithWrongEmailAndPasswordTest(LoginTest.java:40)
                        at java.base/jdk.internal.reflect.NativeMethodAccessorImpl.invoke0(Native Method)
                        at java.base/jdk.internal.reflect.NativeMethodAccessorImpl.invoke(NativeMethodAccessorImpl.java:62)
                        at java.base/jdk.internal.reflect.DelegatingMethodAccessorImpl.invoke(DelegatingMethodAccessorImpl.java:43)
                        at java.base/java.lang.reflect.Method.invoke(Method.java:564)
                        at org.testng.internal.MethodInvocationHelper.invokeMethod(MethodInvocationHelper.java:124)
                        at org.testng.internal.Invoker.invokeMethod(Invoker.java:580)
                        at org.testng.internal.Invoker.invokeTestMethod(Invoker.java:716)
                        at org.testng.internal.Invoker.invokeTestMethods(Invoker.java:988)
                        at org.testng.internal.TestMethodWorker.invokeTestMethods(TestMethodWorker.java:125)
                        at org.testng.internal.TestMethodWorker.run(TestMethodWorker.java:109)
                        at org.testng.TestRunner.privateRun(TestRunner.java:648)
                        at org.testng.TestRunner.run(TestRunner.java:505)
                        at org.testng.SuiteRunner.runTest(SuiteRunner.java:455)
                        at org.testng.SuiteRunner.runSequentially(SuiteRunner.java:450)
                        at org.testng.SuiteRunner.privateRun(SuiteRunner.java:415)
                        at org.testng.SuiteRunner.run(SuiteRunner.java:364)
                        at org.testng.SuiteRunnerWorker.runSuite(SuiteRunnerWorker.java:52)
                        at org.testng.SuiteRunnerWorker.run(SuiteRunnerWorker.java:84)
                        at org.testng.TestNG.runSuitesSequentially(TestNG.java:1208)
                        at org.testng.TestNG.runSuitesLocally(TestNG.java:1137)
                        at org.testng.TestNG.runSuites(TestNG.java:1049)
                        at org.testng.TestNG.run(TestNG.java:1017)
                        at org.testng.TestNG.privateMain(TestNG.java:1354)
                        at org.testng.TestNG.main(TestNG.java:1323)
                     </pre>
                  </div>
               </td>
            </tr>
            <tr id="tests.LoginTest_afterMethod_byClass_PASS3_row"
                class="testMethodStatusPASS testMethodStatusCONF">
               <td width="100%" class="firstMethodCell">
                  <a onclick="toggleDetailsVisibility('tests.LoginTest_afterMethod_byClass_PASS3_details')">afterMethod()</a>
               </td>
               <td nowrap="true">21:16:30</td>
               <td nowrap="true" align="right">2s
                  
               </td>
               <td nowrap="true">
                   
                  
               </td>
            </tr>
            <tr>
               <td colspan="4" class="detailsBox">
                  <div id="tests.LoginTest_afterMethod_byClass_PASS3_details"
                       class="testMethodDetails">
                     <div>
                        <b>Name: </b>afterMethod
                     </div>
                     <div>
                        <b>Signature: </b>afterMethod()[pri:0, instance:tests.LoginTest@1e6454ec]
                     </div>
                     <div>
                        <b>Start time: </b>21:16:30
                     </div>
                     <div>
                        <b>End time: </b>21:16:33
                     </div>
                     <div>
                        <b>Duration: </b>2s
                        
                     </div>
                  </div>
               </td>
            </tr>
            <tr></tr>
            <tr id="tests.LoginTest_beforeMethod_byClass_PASS4_row"
                class="testMethodStatusPASS testMethodStatusCONF">
               <td width="100%" class="firstMethodCell">
                  <a onclick="toggleDetailsVisibility('tests.LoginTest_beforeMethod_byClass_PASS4_details')">beforeMethod()</a>
               </td>
               <td nowrap="true">21:16:33</td>
               <td nowrap="true" align="right">11s
                  
               </td>
               <td nowrap="true">
                   
                  
               </td>
            </tr>
            <tr>
               <td colspan="4" class="detailsBox">
                  <div id="tests.LoginTest_beforeMethod_byClass_PASS4_details"
                       class="testMethodDetails">
                     <div>
                        <b>Name: </b>beforeMethod
                     </div>
                     <div>
                        <b>Signature: </b>beforeMethod()[pri:0, instance:tests.LoginTest@1e6454ec]
                     </div>
                     <div>
                        <b>Start time: </b>21:16:33
                     </div>
                     <div>
                        <b>End time: </b>21:16:45
                     </div>
                     <div>
                        <b>Duration: </b>11s
                        
                     </div>
                  </div>
               </td>
            </tr>
            <tr></tr>
            <tr id="tests.LoginTest_loginWithEmptyEmailTest_byClass_PASS5_row"
                class="testMethodStatusPASS">
               <td width="100%" class="firstMethodCell">
                  <a onclick="toggleDetailsVisibility('tests.LoginTest_loginWithEmptyEmailTest_byClass_PASS5_details')">loginWithEmptyEmailTest()</a>
               </td>
               <td nowrap="true">21:16:45</td>
               <td nowrap="true" align="right">5s
                  
               </td>
               <td nowrap="true">
                   
                  
               </td>
            </tr>
            <tr>
               <td colspan="4" class="detailsBox">
                  <div id="tests.LoginTest_loginWithEmptyEmailTest_byClass_PASS5_details"
                       class="testMethodDetails">
                     <div>
                        <b>Name: </b>loginWithEmptyEmailTest
                     </div>
                     <div>
                        <b>Signature: </b>loginWithEmptyEmailTest()[pri:2, instance:tests.LoginTest@1e6454ec]
                     </div>
                     <div>
                        <b>Start time: </b>21:16:45
                     </div>
                     <div>
                        <b>End time: </b>21:16:50
                     </div>
                     <div>
                        <b>Duration: </b>5s
                        
                     </div>
                  </div>
               </td>
            </tr>
            <tr></tr>
            <tr id="tests.LoginTest_afterMethod_byClass_PASS6_row"
                class="testMethodStatusPASS testMethodStatusCONF">
               <td width="100%" class="firstMethodCell">
                  <a onclick="toggleDetailsVisibility('tests.LoginTest_afterMethod_byClass_PASS6_details')">afterMethod()</a>
               </td>
               <td nowrap="true">21:16:50</td>
               <td nowrap="true" align="right">2s
                  
               </td>
               <td nowrap="true">
                   
                  
               </td>
            </tr>
            <tr>
               <td colspan="4" class="detailsBox">
                  <div id="tests.LoginTest_afterMethod_byClass_PASS6_details"
                       class="testMethodDetails">
                     <div>
                        <b>Name: </b>afterMethod
                     </div>
                     <div>
                        <b>Signature: </b>afterMethod()[pri:0, instance:tests.LoginTest@1e6454ec]
                     </div>
                     <div>
                        <b>Start time: </b>21:16:50
                     </div>
                     <div>
                        <b>End time: </b>21:16:52
                     </div>
                     <div>
                        <b>Duration: </b>2s
                        
                     </div>
                  </div>
               </td>
            </tr>
            <tr></tr>
            <tr id="tests.LoginTest_beforeMethod_byClass_PASS7_row"
                class="testMethodStatusPASS testMethodStatusCONF">
               <td width="100%" class="firstMethodCell">
                  <a onclick="toggleDetailsVisibility('tests.LoginTest_beforeMethod_byClass_PASS7_details')">beforeMethod()</a>
               </td>
               <td nowrap="true">21:16:52</td>
               <td nowrap="true" align="right">12s
                  
               </td>
               <td nowrap="true">
                   
                  
               </td>
            </tr>
            <tr>
               <td colspan="4" class="detailsBox">
                  <div id="tests.LoginTest_beforeMethod_byClass_PASS7_details"
                       class="testMethodDetails">
                     <div>
                        <b>Name: </b>beforeMethod
                     </div>
                     <div>
                        <b>Signature: </b>beforeMethod()[pri:0, instance:tests.LoginTest@1e6454ec]
                     </div>
                     <div>
                        <b>Start time: </b>21:16:52
                     </div>
                     <div>
                        <b>End time: </b>21:17:04
                     </div>
                     <div>
                        <b>Duration: </b>12s
                        
                     </div>
                  </div>
               </td>
            </tr>
            <tr></tr>
            <tr id="tests.LoginTest_loginWithEmptyPasswordTest_byClass_FAIL8_row"
                class="testMethodStatusFAIL">
               <td width="100%" class="firstMethodCell">
                  <a onclick="toggleDetailsVisibility('tests.LoginTest_loginWithEmptyPasswordTest_byClass_FAIL8_details')">loginWithEmptyPasswordTest()</a>
               </td>
               <td nowrap="true">21:17:04</td>
               <td nowrap="true" align="right">4s
                  
               </td>
               <td nowrap="true">
                  <a onclick="toggleDetailsVisibility('tests.LoginTest_loginWithEmptyPasswordTest_byClass_FAIL8_exception')">java.lang.AssertionError: 
                     expected [Please enter your password.] but found [Please enter your username or card number.]
                     
                  </a>
                   
                  
               </td>
            </tr>
            <tr>
               <td colspan="4" class="detailsBox">
                  <div id="tests.LoginTest_loginWithEmptyPasswordTest_byClass_FAIL8_details"
                       class="testMethodDetails">
                     <div>
                        <b>Name: </b>loginWithEmptyPasswordTest
                     </div>
                     <div>
                        <b>Signature: </b>loginWithEmptyPasswordTest()[pri:3, instance:tests.LoginTest@1e6454ec]
                     </div>
                     <div>
                        <b>Start time: </b>21:17:04
                     </div>
                     <div>
                        <b>End time: </b>21:17:09
                     </div>
                     <div>
                        <b>Duration: </b>4s
                        
                     </div>
                  </div>
               </td>
            </tr>
            <tr>
               <td colspan="4" class="detailsBox">
                  <div id="tests.LoginTest_loginWithEmptyPasswordTest_byClass_FAIL8_exception"
                       class="testMethodDetails">
                     <pre style="padding: 5px; margin: 0;">java.lang.AssertionError: expected [Please enter your password.] but found [Please enter your username or card number.]
                        at org.testng.Assert.fail(Assert.java:96)
                        at org.testng.Assert.failNotEquals(Assert.java:776)
                        at org.testng.Assert.assertEqualsImpl(Assert.java:137)
                        at org.testng.Assert.assertEquals(Assert.java:118)
                        at org.testng.Assert.assertEquals(Assert.java:453)
                        at org.testng.Assert.assertEquals(Assert.java:463)
                        at tests.LoginTest.loginWithEmptyPasswordTest(LoginTest.java:60)
                        at java.base/jdk.internal.reflect.NativeMethodAccessorImpl.invoke0(Native Method)
                        at java.base/jdk.internal.reflect.NativeMethodAccessorImpl.invoke(NativeMethodAccessorImpl.java:62)
                        at java.base/jdk.internal.reflect.DelegatingMethodAccessorImpl.invoke(DelegatingMethodAccessorImpl.java:43)
                        at java.base/java.lang.reflect.Method.invoke(Method.java:564)
                        at org.testng.internal.MethodInvocationHelper.invokeMethod(MethodInvocationHelper.java:124)
                        at org.testng.internal.Invoker.invokeMethod(Invoker.java:580)
                        at org.testng.internal.Invoker.invokeTestMethod(Invoker.java:716)
                        at org.testng.internal.Invoker.invokeTestMethods(Invoker.java:988)
                        at org.testng.internal.TestMethodWorker.invokeTestMethods(TestMethodWorker.java:125)
                        at org.testng.internal.TestMethodWorker.run(TestMethodWorker.java:109)
                        at org.testng.TestRunner.privateRun(TestRunner.java:648)
                        at org.testng.TestRunner.run(TestRunner.java:505)
                        at org.testng.SuiteRunner.runTest(SuiteRunner.java:455)
                        at org.testng.SuiteRunner.runSequentially(SuiteRunner.java:450)
                        at org.testng.SuiteRunner.privateRun(SuiteRunner.java:415)
                        at org.testng.SuiteRunner.run(SuiteRunner.java:364)
                        at org.testng.SuiteRunnerWorker.runSuite(SuiteRunnerWorker.java:52)
                        at org.testng.SuiteRunnerWorker.run(SuiteRunnerWorker.java:84)
                        at org.testng.TestNG.runSuitesSequentially(TestNG.java:1208)
                        at org.testng.TestNG.runSuitesLocally(TestNG.java:1137)
                        at org.testng.TestNG.runSuites(TestNG.java:1049)
                        at org.testng.TestNG.run(TestNG.java:1017)
                        at org.testng.TestNG.privateMain(TestNG.java:1354)
                        at org.testng.TestNG.main(TestNG.java:1323)
                     </pre>
                  </div>
               </td>
            </tr>
            <tr id="tests.LoginTest_afterMethod_byClass_PASS9_row"
                class="testMethodStatusPASS testMethodStatusCONF">
               <td width="100%" class="firstMethodCell">
                  <a onclick="toggleDetailsVisibility('tests.LoginTest_afterMethod_byClass_PASS9_details')">afterMethod()</a>
               </td>
               <td nowrap="true">21:17:09</td>
               <td nowrap="true" align="right">2s
                  
               </td>
               <td nowrap="true">
                   
                  
               </td>
            </tr>
            <tr>
               <td colspan="4" class="detailsBox">
                  <div id="tests.LoginTest_afterMethod_byClass_PASS9_details"
                       class="testMethodDetails">
                     <div>
                        <b>Name: </b>afterMethod
                     </div>
                     <div>
                        <b>Signature: </b>afterMethod()[pri:0, instance:tests.LoginTest@1e6454ec]
                     </div>
                     <div>
                        <b>Start time: </b>21:17:09
                     </div>
                     <div>
                        <b>End time: </b>21:17:11
                     </div>
                     <div>
                        <b>Duration: </b>2s
                        
                     </div>
                  </div>
               </td>
            </tr>
            <tr></tr>
            <tr id="tests.LoginTest_beforeMethod_byClass_PASS10_row"
                class="testMethodStatusPASS testMethodStatusCONF">
               <td width="100%" class="firstMethodCell">
                  <a onclick="toggleDetailsVisibility('tests.LoginTest_beforeMethod_byClass_PASS10_details')">beforeMethod()</a>
               </td>
               <td nowrap="true">21:17:11</td>
               <td nowrap="true" align="right">11s
                  
               </td>
               <td nowrap="true">
                   
                  
               </td>
            </tr>
            <tr>
               <td colspan="4" class="detailsBox">
                  <div id="tests.LoginTest_beforeMethod_byClass_PASS10_details"
                       class="testMethodDetails">
                     <div>
                        <b>Name: </b>beforeMethod
                     </div>
                     <div>
                        <b>Signature: </b>beforeMethod()[pri:0, instance:tests.LoginTest@1e6454ec]
                     </div>
                     <div>
                        <b>Start time: </b>21:17:11
                     </div>
                     <div>
                        <b>End time: </b>21:17:23
                     </div>
                     <div>
                        <b>Duration: </b>11s
                        
                     </div>
                  </div>
               </td>
            </tr>
            <tr></tr>
            <tr id="tests.LoginTest_loginEmailWithSpecialCharTest_byClass_FAIL11_row"
                class="testMethodStatusFAIL">
               <td width="100%" class="firstMethodCell">
                  <a onclick="toggleDetailsVisibility('tests.LoginTest_loginEmailWithSpecialCharTest_byClass_FAIL11_details')">loginEmailWithSpecialCharTest()</a>
               </td>
               <td nowrap="true">21:17:23</td>
               <td nowrap="true" align="right">5s
                  
               </td>
               <td nowrap="true">
                  <a onclick="toggleDetailsVisibility('tests.LoginTest_loginEmailWithSpecialCharTest_byClass_FAIL11_exception')">java.lang.AssertionError: 
                     expected [Please enter a username or card number without special characters.] but found [Please enter your username or card
                     number.]
                     
                  </a>
                   
                  
               </td>
            </tr>
            <tr>
               <td colspan="4" class="detailsBox">
                  <div id="tests.LoginTest_loginEmailWithSpecialCharTest_byClass_FAIL11_details"
                       class="testMethodDetails">
                     <div>
                        <b>Name: </b>loginEmailWithSpecialCharTest
                     </div>
                     <div>
                        <b>Signature: </b>loginEmailWithSpecialCharTest()[pri:4, instance:tests.LoginTest@1e6454ec]
                     </div>
                     <div>
                        <b>Start time: </b>21:17:23
                     </div>
                     <div>
                        <b>End time: </b>21:17:28
                     </div>
                     <div>
                        <b>Duration: </b>5s
                        
                     </div>
                  </div>
               </td>
            </tr>
            <tr>
               <td colspan="4" class="detailsBox">
                  <div id="tests.LoginTest_loginEmailWithSpecialCharTest_byClass_FAIL11_exception"
                       class="testMethodDetails">
                     <pre style="padding: 5px; margin: 0;">java.lang.AssertionError: expected [Please enter a username or card number without special characters.] but found [Please
                        enter your username or card number.]
                        at org.testng.Assert.fail(Assert.java:96)
                        at org.testng.Assert.failNotEquals(Assert.java:776)
                        at org.testng.Assert.assertEqualsImpl(Assert.java:137)
                        at org.testng.Assert.assertEquals(Assert.java:118)
                        at org.testng.Assert.assertEquals(Assert.java:453)
                        at org.testng.Assert.assertEquals(Assert.java:463)
                        at tests.LoginTest.loginEmailWithSpecialCharTest(LoginTest.java:73)
                        at java.base/jdk.internal.reflect.NativeMethodAccessorImpl.invoke0(Native Method)
                        at java.base/jdk.internal.reflect.NativeMethodAccessorImpl.invoke(NativeMethodAccessorImpl.java:62)
                        at java.base/jdk.internal.reflect.DelegatingMethodAccessorImpl.invoke(DelegatingMethodAccessorImpl.java:43)
                        at java.base/java.lang.reflect.Method.invoke(Method.java:564)
                        at org.testng.internal.MethodInvocationHelper.invokeMethod(MethodInvocationHelper.java:124)
                        at org.testng.internal.Invoker.invokeMethod(Invoker.java:580)
                        at org.testng.internal.Invoker.invokeTestMethod(Invoker.java:716)
                        at org.testng.internal.Invoker.invokeTestMethods(Invoker.java:988)
                        at org.testng.internal.TestMethodWorker.invokeTestMethods(TestMethodWorker.java:125)
                        at org.testng.internal.TestMethodWorker.run(TestMethodWorker.java:109)
                        at org.testng.TestRunner.privateRun(TestRunner.java:648)
                        at org.testng.TestRunner.run(TestRunner.java:505)
                        at org.testng.SuiteRunner.runTest(SuiteRunner.java:455)
                        at org.testng.SuiteRunner.runSequentially(SuiteRunner.java:450)
                        at org.testng.SuiteRunner.privateRun(SuiteRunner.java:415)
                        at org.testng.SuiteRunner.run(SuiteRunner.java:364)
                        at org.testng.SuiteRunnerWorker.runSuite(SuiteRunnerWorker.java:52)
                        at org.testng.SuiteRunnerWorker.run(SuiteRunnerWorker.java:84)
                        at org.testng.TestNG.runSuitesSequentially(TestNG.java:1208)
                        at org.testng.TestNG.runSuitesLocally(TestNG.java:1137)
                        at org.testng.TestNG.runSuites(TestNG.java:1049)
                        at org.testng.TestNG.run(TestNG.java:1017)
                        at org.testng.TestNG.privateMain(TestNG.java:1354)
                        at org.testng.TestNG.main(TestNG.java:1323)
                     </pre>
                  </div>
               </td>
            </tr>
            <tr id="tests.LoginTest_afterMethod_byClass_PASS12_row"
                class="testMethodStatusPASS testMethodStatusCONF">
               <td width="100%" class="firstMethodCell">
                  <a onclick="toggleDetailsVisibility('tests.LoginTest_afterMethod_byClass_PASS12_details')">afterMethod()</a>
               </td>
               <td nowrap="true">21:17:28</td>
               <td nowrap="true" align="right">2s
                  
               </td>
               <td nowrap="true">
                   
                  
               </td>
            </tr>
            <tr>
               <td colspan="4" class="detailsBox">
                  <div id="tests.LoginTest_afterMethod_byClass_PASS12_details"
                       class="testMethodDetails">
                     <div>
                        <b>Name: </b>afterMethod
                     </div>
                     <div>
                        <b>Signature: </b>afterMethod()[pri:0, instance:tests.LoginTest@1e6454ec]
                     </div>
                     <div>
                        <b>Start time: </b>21:17:28
                     </div>
                     <div>
                        <b>End time: </b>21:17:31
                     </div>
                     <div>
                        <b>Duration: </b>2s
                        
                     </div>
                  </div>
               </td>
            </tr>
            <tr></tr>
         </table>
         <br></br>
      </div>
      <div style="margin-top: 15px; color: gray; text-align: center; font-size: 9px;">
         Generated with
         
         <a href="http://code.google.com/p/testng-xslt/" style="color: #8888aa;"
            target="_blank">
            TestNG XSLT
            
         </a>
      </div>
   </body>
</html>